<?xml version="1.0" encoding="UTF-8"?>
<!-- Generated by org.testng.reporters.JUnitReportReporter -->
<testsuite hostname="DESKTOP-GSUKVBF" failures="0" tests="4" name="basic.testcase.createRepoTest" time="5.164" errors="0" timestamp="2022-03-23T15:25:33 EDT" skipped="0">
  <testcase classname="basic.testcase.createRepoTest" name="createRepositoryPOJOTest" time="3.190"/>
  <system-out/>
  <testcase classname="basic.testcase.createRepoTest" name="createRepositoryPayloadTest" time="1.250"/>
  <system-out/>
  <testcase classname="basic.testcase.createRepoTest" name="deleteRepoPOJO" time="0.311"/>
  <system-out/>
  <testcase classname="basic.testcase.createRepoTest" name="deleteRepo" time="0.413"/>
  <system-out/>
</testsuite> <!-- basic.testcase.createRepoTest -->
