<?xml version="1.0" encoding="UTF-8"?>
<!-- Generated by org.testng.reporters.JUnitReportReporter -->
<testsuite hostname="DESKTOP-GSUKVBF" failures="0" tests="4" name="RestAssuredFramework.createRepoTest" time="5.811" errors="0" timestamp="2022-03-25T14:22:46 EDT" skipped="0">
  <testcase classname="RestAssuredFramework.createRepoTest" name="createRepositoryPOJOTest" time="3.789"/>
  <system-out/>
  <testcase classname="RestAssuredFramework.createRepoTest" name="deleteRepo" time="0.614"/>
  <system-out/>
  <testcase classname="RestAssuredFramework.createRepoTest" name="deleteRepoPOJO" time="0.331"/>
  <system-out/>
  <testcase classname="RestAssuredFramework.createRepoTest" name="createRepositoryPayloadTest" time="1.077"/>
  <system-out/>
</testsuite> <!-- RestAssuredFramework.createRepoTest -->
